Determining if the pthread_create exist failed with the following output:
Change Dir: /home/roger/Documents/Programmering/2016H_ovinger/3D/Oving3/build/CMakeFiles/CMakeTmp

Run Build Command:"/usr/bin/make" "cmTC_6d1cb/fast"
/usr/bin/make -f CMakeFiles/cmTC_6d1cb.dir/build.make CMakeFiles/cmTC_6d1cb.dir/build
make[1]: Entering directory '/home/roger/Documents/Programmering/2016H_ovinger/3D/Oving3/build/CMakeFiles/CMakeTmp'
Building C object CMakeFiles/cmTC_6d1cb.dir/CheckSymbolExists.c.o
/usr/bin/cc     -o CMakeFiles/cmTC_6d1cb.dir/CheckSymbolExists.c.o   -c /home/roger/Documents/Programmering/2016H_ovinger/3D/Oving3/build/CMakeFiles/CMakeTmp/CheckSymbolExists.c
Linking C executable cmTC_6d1cb
/usr/bin/cmake -E cmake_link_script CMakeFiles/cmTC_6d1cb.dir/link.txt --verbose=1
/usr/bin/cc       CMakeFiles/cmTC_6d1cb.dir/CheckSymbolExists.c.o  -o cmTC_6d1cb -rdynamic 
CMakeFiles/cmTC_6d1cb.dir/CheckSymbolExists.c.o: In function `main':
CheckSymbolExists.c:(.text+0x16): undefined reference to `pthread_create'
collect2: error: ld returned 1 exit status
make[1]: *** [CMakeFiles/cmTC_6d1cb.dir/build.make:98: cmTC_6d1cb] Error 1
make[1]: Leaving directory '/home/roger/Documents/Programmering/2016H_ovinger/3D/Oving3/build/CMakeFiles/CMakeTmp'
make: *** [Makefile:126: cmTC_6d1cb/fast] Error 2

File /home/roger/Documents/Programmering/2016H_ovinger/3D/Oving3/build/CMakeFiles/CMakeTmp/CheckSymbolExists.c:
/* */
#include <pthread.h>

int main(int argc, char** argv)
{
  (void)argv;
#ifndef pthread_create
  return ((int*)(&pthread_create))[argc];
#else
  (void)argc;
  return 0;
#endif
}

Determining if the function pthread_create exists in the pthreads failed with the following output:
Change Dir: /home/roger/Documents/Programmering/2016H_ovinger/3D/Oving3/build/CMakeFiles/CMakeTmp

Run Build Command:"/usr/bin/make" "cmTC_fe322/fast"
/usr/bin/make -f CMakeFiles/cmTC_fe322.dir/build.make CMakeFiles/cmTC_fe322.dir/build
make[1]: Entering directory '/home/roger/Documents/Programmering/2016H_ovinger/3D/Oving3/build/CMakeFiles/CMakeTmp'
Building C object CMakeFiles/cmTC_fe322.dir/CheckFunctionExists.c.o
/usr/bin/cc    -DCHECK_FUNCTION_EXISTS=pthread_create   -o CMakeFiles/cmTC_fe322.dir/CheckFunctionExists.c.o   -c /usr/share/cmake-3.6/Modules/CheckFunctionExists.c
Linking C executable cmTC_fe322
/usr/bin/cmake -E cmake_link_script CMakeFiles/cmTC_fe322.dir/link.txt --verbose=1
/usr/bin/cc   -DCHECK_FUNCTION_EXISTS=pthread_create    CMakeFiles/cmTC_fe322.dir/CheckFunctionExists.c.o  -o cmTC_fe322 -rdynamic -lpthreads 
/usr/bin/ld: cannot find -lpthreads
collect2: error: ld returned 1 exit status
make[1]: *** [CMakeFiles/cmTC_fe322.dir/build.make:98: cmTC_fe322] Error 1
make[1]: Leaving directory '/home/roger/Documents/Programmering/2016H_ovinger/3D/Oving3/build/CMakeFiles/CMakeTmp'
make: *** [Makefile:126: cmTC_fe322/fast] Error 2


