Determining if the pthread_create exist failed with the following output:
Change Dir: /home/roger/Documents/Programmering/2016H_ovinger/3D/Oving4/build/CMakeFiles/CMakeTmp

Run Build Command:"/usr/bin/make" "cmTC_c84d7/fast"
/usr/bin/make -f CMakeFiles/cmTC_c84d7.dir/build.make CMakeFiles/cmTC_c84d7.dir/build
make[1]: Entering directory '/home/roger/Documents/Programmering/2016H_ovinger/3D/Oving4/build/CMakeFiles/CMakeTmp'
Building C object CMakeFiles/cmTC_c84d7.dir/CheckSymbolExists.c.o
/usr/bin/cc     -o CMakeFiles/cmTC_c84d7.dir/CheckSymbolExists.c.o   -c /home/roger/Documents/Programmering/2016H_ovinger/3D/Oving4/build/CMakeFiles/CMakeTmp/CheckSymbolExists.c
Linking C executable cmTC_c84d7
/usr/bin/cmake -E cmake_link_script CMakeFiles/cmTC_c84d7.dir/link.txt --verbose=1
/usr/bin/cc       CMakeFiles/cmTC_c84d7.dir/CheckSymbolExists.c.o  -o cmTC_c84d7 -rdynamic 
CMakeFiles/cmTC_c84d7.dir/CheckSymbolExists.c.o: In function `main':
CheckSymbolExists.c:(.text+0x16): undefined reference to `pthread_create'
collect2: error: ld returned 1 exit status
make[1]: *** [CMakeFiles/cmTC_c84d7.dir/build.make:98: cmTC_c84d7] Error 1
make[1]: Leaving directory '/home/roger/Documents/Programmering/2016H_ovinger/3D/Oving4/build/CMakeFiles/CMakeTmp'
make: *** [Makefile:126: cmTC_c84d7/fast] Error 2

File /home/roger/Documents/Programmering/2016H_ovinger/3D/Oving4/build/CMakeFiles/CMakeTmp/CheckSymbolExists.c:
/* */
#include <pthread.h>

int main(int argc, char** argv)
{
  (void)argv;
#ifndef pthread_create
  return ((int*)(&pthread_create))[argc];
#else
  (void)argc;
  return 0;
#endif
}

Determining if the function pthread_create exists in the pthreads failed with the following output:
Change Dir: /home/roger/Documents/Programmering/2016H_ovinger/3D/Oving4/build/CMakeFiles/CMakeTmp

Run Build Command:"/usr/bin/make" "cmTC_a57db/fast"
/usr/bin/make -f CMakeFiles/cmTC_a57db.dir/build.make CMakeFiles/cmTC_a57db.dir/build
make[1]: Entering directory '/home/roger/Documents/Programmering/2016H_ovinger/3D/Oving4/build/CMakeFiles/CMakeTmp'
Building C object CMakeFiles/cmTC_a57db.dir/CheckFunctionExists.c.o
/usr/bin/cc    -DCHECK_FUNCTION_EXISTS=pthread_create   -o CMakeFiles/cmTC_a57db.dir/CheckFunctionExists.c.o   -c /usr/share/cmake-3.6/Modules/CheckFunctionExists.c
Linking C executable cmTC_a57db
/usr/bin/cmake -E cmake_link_script CMakeFiles/cmTC_a57db.dir/link.txt --verbose=1
/usr/bin/cc   -DCHECK_FUNCTION_EXISTS=pthread_create    CMakeFiles/cmTC_a57db.dir/CheckFunctionExists.c.o  -o cmTC_a57db -rdynamic -lpthreads 
/usr/bin/ld: cannot find -lpthreads
collect2: error: ld returned 1 exit status
make[1]: *** [CMakeFiles/cmTC_a57db.dir/build.make:98: cmTC_a57db] Error 1
make[1]: Leaving directory '/home/roger/Documents/Programmering/2016H_ovinger/3D/Oving4/build/CMakeFiles/CMakeTmp'
make: *** [Makefile:126: cmTC_a57db/fast] Error 2


